Using pre-set license
Built from '2020.3/staging' branch; Version is '2020.3.5f1 (8095aa901b9b) revision 8426922'; Using compiler version '192528614'; Build Type 'Release'
OS: 'Windows 10 Pro; OS build 18363.1256; Version 1909; 64bit' Language: 'fr' Physical Memory: 16226 MB
BatchMode: 1, IsHumanControllingUs: 0, StartBugReporterOnCrash: 0, Is64bit: 1, IsPro: 0

 COMMAND LINE ARGUMENTS:
C:\Program Files\Unity\Hub\Editor\2020.3.5f1\Editor\Unity.exe
-adb2
-batchMode
-noUpm
-name
AssetImportWorker0
-projectPath
C:/Users/jacqu/Travaux_GIT/PluggedLight/Version_0.02.1
-logFile
Logs/AssetImportWorker0.log
-srvPort
52764
Successfully changed project path to: C:/Users/jacqu/Travaux_GIT/PluggedLight/Version_0.02.1
C:/Users/jacqu/Travaux_GIT/PluggedLight/Version_0.02.1
Using Asset Import Pipeline V2.
Refreshing native plugins compatible for Editor in 109.50 ms, found 1 plugins.
Preloading 0 native plugins for Editor in 0.00 ms.
Initialize engine version: 2020.3.5f1 (8095aa901b9b)
[Subsystems] Discovering subsystems at path C:/Program Files/Unity/Hub/Editor/2020.3.5f1/Editor/Data/Resources/UnitySubsystems
[Subsystems] Discovering subsystems at path C:/Users/jacqu/Travaux_GIT/PluggedLight/Version_0.02.1/Assets
GfxDevice: creating device client; threaded=0
Direct3D:
    Version:  Direct3D 11.0 [level 11.1]
    Renderer: Intel(R) UHD Graphics 615 (ID=0x591c)
    Vendor:   
    VRAM:     8113 MB
    Driver:   26.20.100.7584
Initialize mono
Mono path[0] = 'C:/Program Files/Unity/Hub/Editor/2020.3.5f1/Editor/Data/Managed'
Mono path[1] = 'C:/Program Files/Unity/Hub/Editor/2020.3.5f1/Editor/Data/MonoBleedingEdge/lib/mono/unityjit'
Mono config path = 'C:/Program Files/Unity/Hub/Editor/2020.3.5f1/Editor/Data/MonoBleedingEdge/etc'
Using monoOptions --debugger-agent=transport=dt_socket,embedding=1,server=y,suspend=n,address=127.0.0.1:56668
Begin MonoManager ReloadAssembly
Registering precompiled unity dll's ...
Register platform support module: C:/Program Files/Unity/Hub/Editor/2020.3.5f1/Editor/Data/PlaybackEngines/WindowsStandaloneSupport/UnityEditor.WindowsStandalone.Extensions.dll
Registered in 0.005922 seconds.
Native extension for WindowsStandalone target not found
Refreshing native plugins compatible for Editor in 113.95 ms, found 1 plugins.
Preloading 0 native plugins for Editor in 0.00 ms.
Mono: successfully reloaded assembly
- Completed reload, in  3.276 seconds
Platform modules already initialized, skipping
Registering precompiled user dll's ...
Registered in 0.010830 seconds.
Begin MonoManager ReloadAssembly
Native extension for WindowsStandalone target not found
Refreshing native plugins compatible for Editor in 69.88 ms, found 1 plugins.
Preloading 0 native plugins for Editor in 0.00 ms.
Mono: successfully reloaded assembly
- Completed reload, in  2.693 seconds
Platform modules already initialized, skipping
========================================================================
Worker process is ready to serve import requests
Launched and connected shader compiler UnityShaderCompiler.exe after 0.15 seconds
Refreshing native plugins compatible for Editor in 0.91 ms, found 1 plugins.
Preloading 0 native plugins for Editor in 0.00 ms.
Unloading 1966 Unused Serialized files (Serialized files now loaded: 0)
System memory in use before: 92.2 MB.
System memory in use after: 92.1 MB.

Unloading 29 unused Assets to reduce memory usage. Loaded Objects now: 2406.
Total: 4.780700 ms (FindLiveObjects: 0.435600 ms CreateObjectMapping: 0.148000 ms MarkObjects: 3.869600 ms  DeleteObjects: 0.324500 ms)

========================================================================
Received Import Request.
  path: Assets/Animations/Player/Player.controller
  artifactKey: Guid(262129de4b0b2cd4fa865cbd6021365b) Importer(815301076,1909f56bfc062723c751e8b465ee728b)
Start importing Assets/Animations/Player/Player.controller using Guid(262129de4b0b2cd4fa865cbd6021365b) Importer(815301076,1909f56bfc062723c751e8b465ee728b)  -> (artifact id: '3f99c46ce99be1517a7907791533087b') in 0.110142 seconds
  Import took 0.117149 seconds .

========================================================================
Received Import Request.
  Time since last request: 0.000941 seconds.
  path: Assets/Animations
  artifactKey: Guid(b2aeb151d738f334aa08155bbe36cb04) Importer(815301076,1909f56bfc062723c751e8b465ee728b)
Start importing Assets/Animations using Guid(b2aeb151d738f334aa08155bbe36cb04) Importer(815301076,1909f56bfc062723c751e8b465ee728b)  -> (artifact id: 'af3d4aec961f1d93618240d94787c63c') in 0.007681 seconds
  Import took 0.015031 seconds .

========================================================================
Received Import Request.
  Time since last request: 0.000849 seconds.
  path: Assets/Animations/Player/Idle_player.anim
  artifactKey: Guid(db85cb69247e863438924323ebe0cae1) Importer(815301076,1909f56bfc062723c751e8b465ee728b)
Start importing Assets/Animations/Player/Idle_player.anim using Guid(db85cb69247e863438924323ebe0cae1) Importer(815301076,1909f56bfc062723c751e8b465ee728b)  -> (artifact id: 'aa0e2fabba28c4ba2d832c2bd7edd7f7') in 0.015646 seconds
  Import took 0.022872 seconds .

========================================================================
Received Import Request.
  Time since last request: 0.000987 seconds.
  path: Assets/Animations/Player
  artifactKey: Guid(8330a05184f259b47a3a0fd44bd0bf6b) Importer(815301076,1909f56bfc062723c751e8b465ee728b)
Start importing Assets/Animations/Player using Guid(8330a05184f259b47a3a0fd44bd0bf6b) Importer(815301076,1909f56bfc062723c751e8b465ee728b)  -> (artifact id: '4fbddf2fa94265522c43217f53c5d592') in 0.008982 seconds
  Import took 0.019286 seconds .

========================================================================
Received Import Request.
  Time since last request: 273.675651 seconds.
  path: Assets/Animations/Player/Player.controller
  artifactKey: Guid(262129de4b0b2cd4fa865cbd6021365b) Importer(815301076,1909f56bfc062723c751e8b465ee728b)
Start importing Assets/Animations/Player/Player.controller using Guid(262129de4b0b2cd4fa865cbd6021365b) Importer(815301076,1909f56bfc062723c751e8b465ee728b)  -> (artifact id: 'f2a2d483376b27062d0fa6a66a77cbe4') in 0.016660 seconds
  Import took 0.030014 seconds .

========================================================================
Received Import Request.
  Time since last request: 441.475624 seconds.
  path: Assets/Animations/Player/Player.controller
  artifactKey: Guid(262129de4b0b2cd4fa865cbd6021365b) Importer(815301076,1909f56bfc062723c751e8b465ee728b)
Start importing Assets/Animations/Player/Player.controller using Guid(262129de4b0b2cd4fa865cbd6021365b) Importer(815301076,1909f56bfc062723c751e8b465ee728b)  -> (artifact id: '51b2048654668491f3e737c4fae538be') in 0.023110 seconds
  Import took 0.039886 seconds .

========================================================================
Received Prepare
Registering precompiled user dll's ...
Registered in 0.005074 seconds.
Begin MonoManager ReloadAssembly
Native extension for WindowsStandalone target not found
Refreshing native plugins compatible for Editor in 0.68 ms, found 1 plugins.
Preloading 0 native plugins for Editor in 0.00 ms.
Mono: successfully reloaded assembly
- Completed reload, in  2.395 seconds
Platform modules already initialized, skipping
Refreshing native plugins compatible for Editor in 0.78 ms, found 1 plugins.
Preloading 0 native plugins for Editor in 0.00 ms.
Unloading 1948 Unused Serialized files (Serialized files now loaded: 0)
System memory in use before: 90.9 MB.
System memory in use after: 90.9 MB.

Unloading 17 unused Assets to reduce memory usage. Loaded Objects now: 2410.
Total: 4.258400 ms (FindLiveObjects: 0.344600 ms CreateObjectMapping: 0.152800 ms MarkObjects: 3.484200 ms  DeleteObjects: 0.274000 ms)

========================================================================
Received Prepare
Registering precompiled user dll's ...
Registered in 0.005469 seconds.
Begin MonoManager ReloadAssembly
Native extension for WindowsStandalone target not found
Refreshing native plugins compatible for Editor in 0.62 ms, found 1 plugins.
Preloading 0 native plugins for Editor in 0.00 ms.
Mono: successfully reloaded assembly
- Completed reload, in  1.515 seconds
Platform modules already initialized, skipping
Refreshing native plugins compatible for Editor in 0.55 ms, found 1 plugins.
Preloading 0 native plugins for Editor in 0.00 ms.
Unloading 1948 Unused Serialized files (Serialized files now loaded: 0)
System memory in use before: 90.9 MB.
System memory in use after: 90.9 MB.

Unloading 17 unused Assets to reduce memory usage. Loaded Objects now: 2414.
Total: 2.993500 ms (FindLiveObjects: 0.268900 ms CreateObjectMapping: 0.139200 ms MarkObjects: 2.388000 ms  DeleteObjects: 0.195900 ms)

========================================================================
Received Prepare
Registering precompiled user dll's ...
Registered in 0.007025 seconds.
Begin MonoManager ReloadAssembly
Native extension for WindowsStandalone target not found
Refreshing native plugins compatible for Editor in 0.82 ms, found 1 plugins.
Preloading 0 native plugins for Editor in 0.00 ms.
Mono: successfully reloaded assembly
- Completed reload, in  1.450 seconds
Platform modules already initialized, skipping
Refreshing native plugins compatible for Editor in 0.57 ms, found 1 plugins.
Preloading 0 native plugins for Editor in 0.00 ms.
Unloading 1948 Unused Serialized files (Serialized files now loaded: 0)
System memory in use before: 90.9 MB.
System memory in use after: 90.9 MB.

Unloading 17 unused Assets to reduce memory usage. Loaded Objects now: 2418.
Total: 3.072700 ms (FindLiveObjects: 0.261000 ms CreateObjectMapping: 0.104700 ms MarkObjects: 2.486100 ms  DeleteObjects: 0.219300 ms)

========================================================================
Received Prepare
Registering precompiled user dll's ...
Registered in 0.005410 seconds.
Begin MonoManager ReloadAssembly
Native extension for WindowsStandalone target not found
Refreshing native plugins compatible for Editor in 0.96 ms, found 1 plugins.
Preloading 0 native plugins for Editor in 0.00 ms.
Mono: successfully reloaded assembly
- Completed reload, in  1.537 seconds
Platform modules already initialized, skipping
Refreshing native plugins compatible for Editor in 0.56 ms, found 1 plugins.
Preloading 0 native plugins for Editor in 0.00 ms.
Unloading 1948 Unused Serialized files (Serialized files now loaded: 0)
System memory in use before: 91.0 MB.
System memory in use after: 90.9 MB.

Unloading 17 unused Assets to reduce memory usage. Loaded Objects now: 2422.
Total: 3.433700 ms (FindLiveObjects: 0.268400 ms CreateObjectMapping: 0.118500 ms MarkObjects: 2.898800 ms  DeleteObjects: 0.146300 ms)

========================================================================
Received Prepare
Registering precompiled user dll's ...
Registered in 0.005508 seconds.
Begin MonoManager ReloadAssembly
Native extension for WindowsStandalone target not found
Refreshing native plugins compatible for Editor in 0.93 ms, found 1 plugins.
Preloading 0 native plugins for Editor in 0.00 ms.
Mono: successfully reloaded assembly
- Completed reload, in  1.399 seconds
Platform modules already initialized, skipping
Refreshing native plugins compatible for Editor in 0.57 ms, found 1 plugins.
Preloading 0 native plugins for Editor in 0.00 ms.
Unloading 1948 Unused Serialized files (Serialized files now loaded: 0)
System memory in use before: 91.0 MB.
System memory in use after: 90.9 MB.

Unloading 17 unused Assets to reduce memory usage. Loaded Objects now: 2426.
Total: 2.966100 ms (FindLiveObjects: 0.299700 ms CreateObjectMapping: 0.108300 ms MarkObjects: 2.365500 ms  DeleteObjects: 0.190700 ms)

========================================================================
Received Prepare
Registering precompiled user dll's ...
Registered in 0.008808 seconds.
Begin MonoManager ReloadAssembly
Native extension for WindowsStandalone target not found
Refreshing native plugins compatible for Editor in 0.86 ms, found 1 plugins.
Preloading 0 native plugins for Editor in 0.00 ms.
Mono: successfully reloaded assembly
- Completed reload, in  2.534 seconds
Platform modules already initialized, skipping
Refreshing native plugins compatible for Editor in 0.82 ms, found 1 plugins.
Preloading 0 native plugins for Editor in 0.00 ms.
Unloading 1948 Unused Serialized files (Serialized files now loaded: 0)
System memory in use before: 91.0 MB.
System memory in use after: 91.0 MB.

Unloading 17 unused Assets to reduce memory usage. Loaded Objects now: 2430.
Total: 3.915000 ms (FindLiveObjects: 0.305600 ms CreateObjectMapping: 0.129100 ms MarkObjects: 3.253600 ms  DeleteObjects: 0.224200 ms)

========================================================================
Received Prepare
Registering precompiled user dll's ...
Registered in 0.005150 seconds.
Begin MonoManager ReloadAssembly
Native extension for WindowsStandalone target not found
Refreshing native plugins compatible for Editor in 1.09 ms, found 1 plugins.
Preloading 0 native plugins for Editor in 0.00 ms.
Mono: successfully reloaded assembly
- Completed reload, in  2.122 seconds
Platform modules already initialized, skipping
Refreshing native plugins compatible for Editor in 0.81 ms, found 1 plugins.
Preloading 0 native plugins for Editor in 0.00 ms.
Unloading 1948 Unused Serialized files (Serialized files now loaded: 0)
System memory in use before: 91.0 MB.
System memory in use after: 91.0 MB.

Unloading 17 unused Assets to reduce memory usage. Loaded Objects now: 2434.
Total: 4.054300 ms (FindLiveObjects: 0.299900 ms CreateObjectMapping: 0.156900 ms MarkObjects: 3.371600 ms  DeleteObjects: 0.223200 ms)

========================================================================
Received Prepare
Registering precompiled user dll's ...
Registered in 0.006654 seconds.
Begin MonoManager ReloadAssembly
Native extension for WindowsStandalone target not found
Refreshing native plugins compatible for Editor in 0.60 ms, found 1 plugins.
Preloading 0 native plugins for Editor in 0.00 ms.
Mono: successfully reloaded assembly
- Completed reload, in  1.445 seconds
Platform modules already initialized, skipping
Refreshing native plugins compatible for Editor in 0.94 ms, found 1 plugins.
Preloading 0 native plugins for Editor in 0.00 ms.
Unloading 1948 Unused Serialized files (Serialized files now loaded: 0)
System memory in use before: 91.0 MB.
System memory in use after: 91.0 MB.

Unloading 17 unused Assets to reduce memory usage. Loaded Objects now: 2438.
Total: 2.915800 ms (FindLiveObjects: 0.356600 ms CreateObjectMapping: 0.126400 ms MarkObjects: 2.233100 ms  DeleteObjects: 0.198400 ms)

========================================================================
Received Prepare
Registering precompiled user dll's ...
Registered in 0.005356 seconds.
Begin MonoManager ReloadAssembly
Native extension for WindowsStandalone target not found
Refreshing native plugins compatible for Editor in 0.55 ms, found 1 plugins.
Preloading 0 native plugins for Editor in 0.00 ms.
Mono: successfully reloaded assembly
- Completed reload, in  1.414 seconds
Platform modules already initialized, skipping
Refreshing native plugins compatible for Editor in 0.57 ms, found 1 plugins.
Preloading 0 native plugins for Editor in 0.00 ms.
Unloading 1948 Unused Serialized files (Serialized files now loaded: 0)
System memory in use before: 91.0 MB.
System memory in use after: 91.0 MB.

Unloading 17 unused Assets to reduce memory usage. Loaded Objects now: 2442.
Total: 3.838800 ms (FindLiveObjects: 0.423000 ms CreateObjectMapping: 0.177000 ms MarkObjects: 3.072100 ms  DeleteObjects: 0.164200 ms)

========================================================================
Received Prepare
Registering precompiled user dll's ...
Registered in 0.015631 seconds.
Begin MonoManager ReloadAssembly
Native extension for WindowsStandalone target not found
Refreshing native plugins compatible for Editor in 0.73 ms, found 1 plugins.
Preloading 0 native plugins for Editor in 0.00 ms.
Mono: successfully reloaded assembly
- Completed reload, in  2.611 seconds
Platform modules already initialized, skipping
Refreshing native plugins compatible for Editor in 0.87 ms, found 1 plugins.
Preloading 0 native plugins for Editor in 0.00 ms.
Unloading 1948 Unused Serialized files (Serialized files now loaded: 0)
System memory in use before: 91.0 MB.
System memory in use after: 91.0 MB.

Unloading 17 unused Assets to reduce memory usage. Loaded Objects now: 2446.
Total: 3.978100 ms (FindLiveObjects: 0.348100 ms CreateObjectMapping: 0.130300 ms MarkObjects: 3.262700 ms  DeleteObjects: 0.234100 ms)

========================================================================
Received Prepare
Registering precompiled user dll's ...
Registered in 0.005821 seconds.
Begin MonoManager ReloadAssembly
Native extension for WindowsStandalone target not found
Refreshing native plugins compatible for Editor in 0.84 ms, found 1 plugins.
Preloading 0 native plugins for Editor in 0.00 ms.
Mono: successfully reloaded assembly
- Completed reload, in  2.115 seconds
Platform modules already initialized, skipping
Refreshing native plugins compatible for Editor in 0.78 ms, found 1 plugins.
Preloading 0 native plugins for Editor in 0.00 ms.
Unloading 1948 Unused Serialized files (Serialized files now loaded: 0)
System memory in use before: 91.0 MB.
System memory in use after: 91.0 MB.

Unloading 17 unused Assets to reduce memory usage. Loaded Objects now: 2450.
Total: 4.577900 ms (FindLiveObjects: 0.428500 ms CreateObjectMapping: 0.144500 ms MarkObjects: 3.779800 ms  DeleteObjects: 0.222500 ms)

========================================================================
Received Prepare
Registering precompiled user dll's ...
Registered in 0.009318 seconds.
Begin MonoManager ReloadAssembly
Native extension for WindowsStandalone target not found
Refreshing native plugins compatible for Editor in 0.88 ms, found 1 plugins.
Preloading 0 native plugins for Editor in 0.00 ms.
Mono: successfully reloaded assembly
- Completed reload, in  2.471 seconds
Platform modules already initialized, skipping
Refreshing native plugins compatible for Editor in 0.81 ms, found 1 plugins.
Preloading 0 native plugins for Editor in 0.00 ms.
Unloading 1948 Unused Serialized files (Serialized files now loaded: 0)
System memory in use before: 91.0 MB.
System memory in use after: 91.0 MB.

Unloading 17 unused Assets to reduce memory usage. Loaded Objects now: 2454.
Total: 2.822200 ms (FindLiveObjects: 0.265000 ms CreateObjectMapping: 0.081100 ms MarkObjects: 2.353000 ms  DeleteObjects: 0.121700 ms)

========================================================================
Received Prepare
Registering precompiled user dll's ...
Registered in 0.005260 seconds.
Begin MonoManager ReloadAssembly
Native extension for WindowsStandalone target not found
Refreshing native plugins compatible for Editor in 0.62 ms, found 1 plugins.
Preloading 0 native plugins for Editor in 0.00 ms.
Mono: successfully reloaded assembly
- Completed reload, in  1.434 seconds
Platform modules already initialized, skipping
Refreshing native plugins compatible for Editor in 0.58 ms, found 1 plugins.
Preloading 0 native plugins for Editor in 0.00 ms.
Unloading 1948 Unused Serialized files (Serialized files now loaded: 0)
System memory in use before: 91.0 MB.
System memory in use after: 91.0 MB.

Unloading 17 unused Assets to reduce memory usage. Loaded Objects now: 2458.
Total: 2.730000 ms (FindLiveObjects: 0.264700 ms CreateObjectMapping: 0.106500 ms MarkObjects: 2.164600 ms  DeleteObjects: 0.192400 ms)

========================================================================
Received Prepare
Registering precompiled user dll's ...
Registered in 0.006744 seconds.
Begin MonoManager ReloadAssembly
Native extension for WindowsStandalone target not found
Refreshing native plugins compatible for Editor in 0.66 ms, found 1 plugins.
Preloading 0 native plugins for Editor in 0.00 ms.
Mono: successfully reloaded assembly
- Completed reload, in  1.416 seconds
Platform modules already initialized, skipping
Refreshing native plugins compatible for Editor in 0.60 ms, found 1 plugins.
Preloading 0 native plugins for Editor in 0.00 ms.
Unloading 1948 Unused Serialized files (Serialized files now loaded: 0)
System memory in use before: 91.0 MB.
System memory in use after: 91.0 MB.

Unloading 17 unused Assets to reduce memory usage. Loaded Objects now: 2462.
Total: 3.749700 ms (FindLiveObjects: 0.313900 ms CreateObjectMapping: 0.113500 ms MarkObjects: 3.140300 ms  DeleteObjects: 0.179800 ms)

========================================================================
Received Prepare
Registering precompiled user dll's ...
Registered in 0.005404 seconds.
Begin MonoManager ReloadAssembly
Native extension for WindowsStandalone target not found
Refreshing native plugins compatible for Editor in 0.60 ms, found 1 plugins.
Preloading 0 native plugins for Editor in 0.00 ms.
Mono: successfully reloaded assembly
- Completed reload, in  1.657 seconds
Platform modules already initialized, skipping
Refreshing native plugins compatible for Editor in 0.77 ms, found 1 plugins.
Preloading 0 native plugins for Editor in 0.00 ms.
Unloading 1949 Unused Serialized files (Serialized files now loaded: 0)
System memory in use before: 91.1 MB.
System memory in use after: 91.1 MB.

Unloading 17 unused Assets to reduce memory usage. Loaded Objects now: 2467.
Total: 3.757900 ms (FindLiveObjects: 0.315500 ms CreateObjectMapping: 0.112600 ms MarkObjects: 3.126600 ms  DeleteObjects: 0.201500 ms)

========================================================================
Received Prepare
Registering precompiled user dll's ...
Registered in 0.005077 seconds.
Begin MonoManager ReloadAssembly
Native extension for WindowsStandalone target not found
Refreshing native plugins compatible for Editor in 2.70 ms, found 1 plugins.
Preloading 0 native plugins for Editor in 0.00 ms.
Mono: successfully reloaded assembly
- Completed reload, in  2.868 seconds
Platform modules already initialized, skipping
Refreshing native plugins compatible for Editor in 0.93 ms, found 1 plugins.
Preloading 0 native plugins for Editor in 0.00 ms.
Unloading 1949 Unused Serialized files (Serialized files now loaded: 0)
System memory in use before: 91.1 MB.
System memory in use after: 91.1 MB.

Unloading 17 unused Assets to reduce memory usage. Loaded Objects now: 2471.
Total: 3.762300 ms (FindLiveObjects: 0.357500 ms CreateObjectMapping: 0.135200 ms MarkObjects: 3.064200 ms  DeleteObjects: 0.203200 ms)

========================================================================
Received Import Request.
  Time since last request: 2155.040727 seconds.
  path: Assets
  artifactKey: Guid(00000000000000001000000000000000) Importer(815301076,1909f56bfc062723c751e8b465ee728b)
Start importing Assets using Guid(00000000000000001000000000000000) Importer(815301076,1909f56bfc062723c751e8b465ee728b)  -> (artifact id: 'e4856052512617ee48189cf1d7999900') in 0.018161 seconds
  Import took 0.026437 seconds .

========================================================================
Received Import Request.
  Time since last request: 9.242582 seconds.
  path: Assets/Design
  artifactKey: Guid(78fdf7ea9ebfbf441a8ab22bd987cf11) Importer(815301076,1909f56bfc062723c751e8b465ee728b)
Start importing Assets/Design using Guid(78fdf7ea9ebfbf441a8ab22bd987cf11) Importer(815301076,1909f56bfc062723c751e8b465ee728b)  -> (artifact id: 'ef227c6a2094039f2891ea8d27d2ba71') in 0.010262 seconds
  Import took 0.017315 seconds .

========================================================================
Received Prepare
Registering precompiled user dll's ...
Registered in 0.005951 seconds.
Begin MonoManager ReloadAssembly
Native extension for WindowsStandalone target not found
Refreshing native plugins compatible for Editor in 0.85 ms, found 1 plugins.
Preloading 0 native plugins for Editor in 0.00 ms.
Mono: successfully reloaded assembly
- Completed reload, in  2.342 seconds
Platform modules already initialized, skipping
Refreshing native plugins compatible for Editor in 0.89 ms, found 1 plugins.
Preloading 0 native plugins for Editor in 0.00 ms.
Unloading 1949 Unused Serialized files (Serialized files now loaded: 0)
System memory in use before: 91.1 MB.
System memory in use after: 91.1 MB.

Unloading 17 unused Assets to reduce memory usage. Loaded Objects now: 2475.
Total: 4.473300 ms (FindLiveObjects: 0.485700 ms CreateObjectMapping: 0.143900 ms MarkObjects: 3.526000 ms  DeleteObjects: 0.314900 ms)

========================================================================
Received Import Request.
  Time since last request: 16.814628 seconds.
  path: Assets/Design/PlayerSpawn
  artifactKey: Guid(0333cd8843ad32f459abdc11d8e65b94) Importer(815301076,1909f56bfc062723c751e8b465ee728b)
Start importing Assets/Design/PlayerSpawn using Guid(0333cd8843ad32f459abdc11d8e65b94) Importer(815301076,1909f56bfc062723c751e8b465ee728b)  -> (artifact id: 'af6fb090319e7f754138847698f3b044') in 0.012449 seconds
  Import took 0.019194 seconds .

========================================================================
Received Prepare
Registering precompiled user dll's ...
Registered in 0.005508 seconds.
Begin MonoManager ReloadAssembly
Native extension for WindowsStandalone target not found
Refreshing native plugins compatible for Editor in 1.38 ms, found 1 plugins.
Preloading 0 native plugins for Editor in 0.00 ms.
Mono: successfully reloaded assembly
- Completed reload, in  2.257 seconds
Platform modules already initialized, skipping
Refreshing native plugins compatible for Editor in 0.51 ms, found 1 plugins.
Preloading 0 native plugins for Editor in 0.00 ms.
Unloading 1949 Unused Serialized files (Serialized files now loaded: 0)
System memory in use before: 91.1 MB.
System memory in use after: 91.1 MB.

Unloading 17 unused Assets to reduce memory usage. Loaded Objects now: 2479.
Total: 6.830500 ms (FindLiveObjects: 0.357100 ms CreateObjectMapping: 0.135900 ms MarkObjects: 5.900600 ms  DeleteObjects: 0.433300 ms)

========================================================================
Received Import Request.
  Time since last request: 8.763862 seconds.
  path: Assets/Design/PlayerSpawn/PlayerSpawn.cs
  artifactKey: Guid(9f74d1d5f0002ce4ab4eb50cd3bba5dd) Importer(815301076,1909f56bfc062723c751e8b465ee728b)
Start importing Assets/Design/PlayerSpawn/PlayerSpawn.cs using Guid(9f74d1d5f0002ce4ab4eb50cd3bba5dd) Importer(815301076,1909f56bfc062723c751e8b465ee728b)  -> (artifact id: '22ad39031098867a9e36a2ffefa90796') in 0.028696 seconds
  Import took 0.037323 seconds .

========================================================================
Received Prepare
Registering precompiled user dll's ...
Registered in 0.007596 seconds.
Begin MonoManager ReloadAssembly
Native extension for WindowsStandalone target not found
Refreshing native plugins compatible for Editor in 0.83 ms, found 1 plugins.
Preloading 0 native plugins for Editor in 0.00 ms.
Mono: successfully reloaded assembly
- Completed reload, in  2.343 seconds
Platform modules already initialized, skipping
Refreshing native plugins compatible for Editor in 0.82 ms, found 1 plugins.
Preloading 0 native plugins for Editor in 0.00 ms.
Unloading 1949 Unused Serialized files (Serialized files now loaded: 0)
System memory in use before: 91.1 MB.
System memory in use after: 91.1 MB.

Unloading 17 unused Assets to reduce memory usage. Loaded Objects now: 2483.
Total: 4.441600 ms (FindLiveObjects: 0.307000 ms CreateObjectMapping: 0.136300 ms MarkObjects: 3.762300 ms  DeleteObjects: 0.233200 ms)

========================================================================
Received Import Request.
  Time since last request: 104.307871 seconds.
  path: Assets/Design/PlayerSpawn/PlayerSpawn.cs
  artifactKey: Guid(9f74d1d5f0002ce4ab4eb50cd3bba5dd) Importer(815301076,1909f56bfc062723c751e8b465ee728b)
Start importing Assets/Design/PlayerSpawn/PlayerSpawn.cs using Guid(9f74d1d5f0002ce4ab4eb50cd3bba5dd) Importer(815301076,1909f56bfc062723c751e8b465ee728b)  -> (artifact id: '743be220d556c68c6a4352bf534b30de') in 0.016591 seconds
  Import took 0.025239 seconds .

========================================================================
Received Prepare
Registering precompiled user dll's ...
Registered in 0.005607 seconds.
Begin MonoManager ReloadAssembly
Native extension for WindowsStandalone target not found
Refreshing native plugins compatible for Editor in 0.61 ms, found 1 plugins.
Preloading 0 native plugins for Editor in 0.00 ms.
Mono: successfully reloaded assembly
- Completed reload, in  1.426 seconds
Platform modules already initialized, skipping
Refreshing native plugins compatible for Editor in 0.62 ms, found 1 plugins.
Preloading 0 native plugins for Editor in 0.00 ms.
Unloading 1949 Unused Serialized files (Serialized files now loaded: 0)
System memory in use before: 91.1 MB.
System memory in use after: 91.1 MB.

Unloading 17 unused Assets to reduce memory usage. Loaded Objects now: 2487.
Total: 3.522900 ms (FindLiveObjects: 0.343300 ms CreateObjectMapping: 0.131700 ms MarkObjects: 2.840700 ms  DeleteObjects: 0.205500 ms)

========================================================================
Received Prepare
Registering precompiled user dll's ...
Registered in 0.009086 seconds.
Begin MonoManager ReloadAssembly
Native extension for WindowsStandalone target not found
Refreshing native plugins compatible for Editor in 0.61 ms, found 1 plugins.
Preloading 0 native plugins for Editor in 0.00 ms.
Mono: successfully reloaded assembly
- Completed reload, in  1.459 seconds
Platform modules already initialized, skipping
Refreshing native plugins compatible for Editor in 0.87 ms, found 1 plugins.
Preloading 0 native plugins for Editor in 0.00 ms.
Unloading 1949 Unused Serialized files (Serialized files now loaded: 0)
System memory in use before: 91.1 MB.
System memory in use after: 91.1 MB.

Unloading 17 unused Assets to reduce memory usage. Loaded Objects now: 2491.
Total: 4.051600 ms (FindLiveObjects: 0.392400 ms CreateObjectMapping: 0.152600 ms MarkObjects: 3.315700 ms  DeleteObjects: 0.189000 ms)

========================================================================
Received Import Request.
  Time since last request: 236.433657 seconds.
  path: Assets/Ressources1/artwork/Environment/props/big-crate.png
  artifactKey: Guid(3fc2bbd409bf34ab6af1637bab569da1) Importer(815301076,1909f56bfc062723c751e8b465ee728b)
Start importing Assets/Ressources1/artwork/Environment/props/big-crate.png using Guid(3fc2bbd409bf34ab6af1637bab569da1) Importer(815301076,1909f56bfc062723c751e8b465ee728b)  -> (artifact id: '3e17e17599c4f6994236665c66f040af') in 0.271243 seconds
  Import took 0.281526 seconds .

========================================================================
Received Import Request.
  Time since last request: 0.000851 seconds.
  path: Assets/Ressources1/artwork/Environment/props/spikes-top.png
  artifactKey: Guid(c6803a2a3fe7f45e786b788e8ddb6771) Importer(815301076,1909f56bfc062723c751e8b465ee728b)
Start importing Assets/Ressources1/artwork/Environment/props/spikes-top.png using Guid(c6803a2a3fe7f45e786b788e8ddb6771) Importer(815301076,1909f56bfc062723c751e8b465ee728b)  -> (artifact id: '07f6297e00ec4a5dcee63fc5a268559b') in 0.028151 seconds
  Import took 0.035584 seconds .

========================================================================
Received Import Request.
  Time since last request: 0.000886 seconds.
  path: Assets/Ressources1/artwork/Environment/props/crate.png
  artifactKey: Guid(794aa25d484d140d89ea9601c122ece0) Importer(815301076,1909f56bfc062723c751e8b465ee728b)
Start importing Assets/Ressources1/artwork/Environment/props/crate.png using Guid(794aa25d484d140d89ea9601c122ece0) Importer(815301076,1909f56bfc062723c751e8b465ee728b)  -> (artifact id: 'ef3778548544b7e0acc3bcb21fe153c4') in 0.063646 seconds
  Import took 0.074570 seconds .

========================================================================
Received Import Request.
  Time since last request: 0.000737 seconds.
  path: Assets/Ressources1/artwork/Environment/props/spike-skull.png
  artifactKey: Guid(a225befe4953547da8c4133e5d585029) Importer(815301076,1909f56bfc062723c751e8b465ee728b)
Start importing Assets/Ressources1/artwork/Environment/props/spike-skull.png using Guid(a225befe4953547da8c4133e5d585029) Importer(815301076,1909f56bfc062723c751e8b465ee728b)  -> (artifact id: '7f6a82c4be579ed515c0bb1a88a1de20') in 0.027963 seconds
  Import took 0.035995 seconds .

========================================================================
Received Import Request.
  Time since last request: 0.000844 seconds.
  path: Assets/Ressources1/artwork/Environment/props/tree.png
  artifactKey: Guid(f7187675ec12e4aacaeb0e97ad31230a) Importer(815301076,1909f56bfc062723c751e8b465ee728b)
Start importing Assets/Ressources1/artwork/Environment/props/tree.png using Guid(f7187675ec12e4aacaeb0e97ad31230a) Importer(815301076,1909f56bfc062723c751e8b465ee728b)  -> (artifact id: '94b226d2af85b6f28ac3c632f3f792a0') in 0.046846 seconds
  Import took 0.055989 seconds .

========================================================================
Received Import Request.
  Time since last request: 0.000532 seconds.
  path: Assets/Ressources1/artwork/Environment/props/door.png
  artifactKey: Guid(8a26d60fb45014bcd9bb392106f7c98b) Importer(815301076,1909f56bfc062723c751e8b465ee728b)
Start importing Assets/Ressources1/artwork/Environment/props/door.png using Guid(8a26d60fb45014bcd9bb392106f7c98b) Importer(815301076,1909f56bfc062723c751e8b465ee728b)  -> (artifact id: '72bbfd7d91f5146f89975d346391addc') in 0.017458 seconds
  Import took 0.023209 seconds .

========================================================================
Received Import Request.
  Time since last request: 0.000569 seconds.
  path: Assets/Ressources1/artwork/Environment/props/spikes.png
  artifactKey: Guid(0049772a1acaf4a49b69bb504ffe2669) Importer(815301076,1909f56bfc062723c751e8b465ee728b)
Start importing Assets/Ressources1/artwork/Environment/props/spikes.png using Guid(0049772a1acaf4a49b69bb504ffe2669) Importer(815301076,1909f56bfc062723c751e8b465ee728b)  -> (artifact id: 'c4b39ae9b48dc9ef2cdb0b2d82637ee7') in 0.044637 seconds
  Import took 0.051611 seconds .

========================================================================
Received Import Request.
  Time since last request: 0.000577 seconds.
  path: Assets/Ressources1/artwork/Environment/props/platform-long.png
  artifactKey: Guid(15fdc3c0ac15e4a62b3f968392db8b58) Importer(815301076,1909f56bfc062723c751e8b465ee728b)
Start importing Assets/Ressources1/artwork/Environment/props/platform-long.png using Guid(15fdc3c0ac15e4a62b3f968392db8b58) Importer(815301076,1909f56bfc062723c751e8b465ee728b)  -> (artifact id: '115d9f607b26dbf630945b897f4892a4') in 0.018216 seconds
  Import took 0.024998 seconds .

========================================================================
Received Import Request.
  Time since last request: 0.000815 seconds.
  path: Assets/Ressources1/artwork/Environment/props/bush.png
  artifactKey: Guid(ecc204495234d40f091d828790c56287) Importer(815301076,1909f56bfc062723c751e8b465ee728b)
Start importing Assets/Ressources1/artwork/Environment/props/bush.png using Guid(ecc204495234d40f091d828790c56287) Importer(815301076,1909f56bfc062723c751e8b465ee728b)  -> (artifact id: '9d46a2eea510c5a2b0419604f8f405d2') in 0.029985 seconds
  Import took 0.037561 seconds .

========================================================================
Received Import Request.
  Time since last request: 0.000657 seconds.
  path: Assets/Ressources1/artwork/Environment/props/sign.png
  artifactKey: Guid(42820af2772f24bda991ed7de294c2fd) Importer(815301076,1909f56bfc062723c751e8b465ee728b)
Start importing Assets/Ressources1/artwork/Environment/props/sign.png using Guid(42820af2772f24bda991ed7de294c2fd) Importer(815301076,1909f56bfc062723c751e8b465ee728b)  -> (artifact id: 'ddcac513d47525a8baa0e2c2e7ee6d8b') in 0.021237 seconds
  Import took 0.027911 seconds .

========================================================================
Received Import Request.
  Time since last request: 0.000800 seconds.
  path: Assets/Ressources1/artwork/Environment/props/crank-down.png
  artifactKey: Guid(d3240c946631a4966b1bcab3db999126) Importer(815301076,1909f56bfc062723c751e8b465ee728b)
Start importing Assets/Ressources1/artwork/Environment/props/crank-down.png using Guid(d3240c946631a4966b1bcab3db999126) Importer(815301076,1909f56bfc062723c751e8b465ee728b)  -> (artifact id: 'f8aeb28ad771b1154f7ccada2c185cd7') in 0.026552 seconds
  Import took 0.034673 seconds .

========================================================================
Received Import Request.
  Time since last request: 0.000647 seconds.
  path: Assets/Ressources1/artwork/Environment/props/shrooms.png
  artifactKey: Guid(f106f73fc33df4c4d9a3e8a5cb54db28) Importer(815301076,1909f56bfc062723c751e8b465ee728b)
Start importing Assets/Ressources1/artwork/Environment/props/shrooms.png using Guid(f106f73fc33df4c4d9a3e8a5cb54db28) Importer(815301076,1909f56bfc062723c751e8b465ee728b)  -> (artifact id: '6f460c3fd99dd4cf9c4b72c91670afa5') in 0.019028 seconds
  Import took 0.025205 seconds .

========================================================================
Received Import Request.
  Time since last request: 0.000540 seconds.
  path: Assets/Ressources1/artwork/Environment/props/skulls.png
  artifactKey: Guid(a86fabb3151544d25b4310ff397f732a) Importer(815301076,1909f56bfc062723c751e8b465ee728b)
Start importing Assets/Ressources1/artwork/Environment/props/skulls.png using Guid(a86fabb3151544d25b4310ff397f732a) Importer(815301076,1909f56bfc062723c751e8b465ee728b)  -> (artifact id: '061e02cf3d77e8542ea57676239d3636') in 0.031227 seconds
  Import took 0.038929 seconds .

========================================================================
Received Import Request.
  Time since last request: 0.000598 seconds.
  path: Assets/Ressources1/artwork/Environment/props/house.png
  artifactKey: Guid(52422ada2db954026a3ae1f1ba6b4486) Importer(815301076,1909f56bfc062723c751e8b465ee728b)
Start importing Assets/Ressources1/artwork/Environment/props/house.png using Guid(52422ada2db954026a3ae1f1ba6b4486) Importer(815301076,1909f56bfc062723c751e8b465ee728b)  -> (artifact id: '2050ad1bc96967c3b47c1ccd99fbe25e') in 0.020951 seconds
  Import took 0.027245 seconds .

========================================================================
Received Import Request.
  Time since last request: 0.000616 seconds.
  path: Assets/Ressources1/artwork/Environment/props/face-block.png
  artifactKey: Guid(f34e83b5f0fe1432cb87276148dc6341) Importer(815301076,1909f56bfc062723c751e8b465ee728b)
Start importing Assets/Ressources1/artwork/Environment/props/face-block.png using Guid(f34e83b5f0fe1432cb87276148dc6341) Importer(815301076,1909f56bfc062723c751e8b465ee728b)  -> (artifact id: '4736d51d712c3e0f6199b1489929b4f0') in 0.030164 seconds
  Import took 0.036688 seconds .

========================================================================
Received Import Request.
  Time since last request: 0.000578 seconds.
  path: Assets/Ressources1/artwork/Environment/props/rock.png
  artifactKey: Guid(3604a08945c65491a9ffb90ad9a8ff57) Importer(815301076,1909f56bfc062723c751e8b465ee728b)
Start importing Assets/Ressources1/artwork/Environment/props/rock.png using Guid(3604a08945c65491a9ffb90ad9a8ff57) Importer(815301076,1909f56bfc062723c751e8b465ee728b)  -> (artifact id: 'fadbd4add21658805901f7444bf15602') in 0.019814 seconds
  Import took 0.026974 seconds .

========================================================================
Received Import Request.
  Time since last request: 0.000824 seconds.
  path: Assets/Ressources1/artwork/Environment/props/block-big.png
  artifactKey: Guid(5bccf13ce09bd43e39c1c3416d5de92c) Importer(815301076,1909f56bfc062723c751e8b465ee728b)
Start importing Assets/Ressources1/artwork/Environment/props/block-big.png using Guid(5bccf13ce09bd43e39c1c3416d5de92c) Importer(815301076,1909f56bfc062723c751e8b465ee728b)  -> (artifact id: 'a4aa7feb5bb2ba71a78af8a8a18e3af8') in 0.025578 seconds
  Import took 0.034089 seconds .

========================================================================
Received Import Request.
  Time since last request: 0.000478 seconds.
  path: Assets/Ressources1/artwork/Environment/props/block.png
  artifactKey: Guid(8a8849b7b8b964564b9e89cb1ded0658) Importer(815301076,1909f56bfc062723c751e8b465ee728b)
Start importing Assets/Ressources1/artwork/Environment/props/block.png using Guid(8a8849b7b8b964564b9e89cb1ded0658) Importer(815301076,1909f56bfc062723c751e8b465ee728b)  -> (artifact id: '6c0a9d7922707d18fc7464649bd9fd49') in 0.018119 seconds
  Import took 0.025064 seconds .

========================================================================
Received Import Request.
  Time since last request: 0.000554 seconds.
  path: Assets/Ressources1/artwork/Environment/props/crank-up.png
  artifactKey: Guid(441a2d89600064d4d9ced045b19d0ae6) Importer(815301076,1909f56bfc062723c751e8b465ee728b)
Start importing Assets/Ressources1/artwork/Environment/props/crank-up.png using Guid(441a2d89600064d4d9ced045b19d0ae6) Importer(815301076,1909f56bfc062723c751e8b465ee728b)  -> (artifact id: 'ddf90c1663133b23a0b8a4fe5b3906ce') in 0.025523 seconds
  Import took 0.033060 seconds .

========================================================================
Received Import Request.
  Time since last request: 0.000667 seconds.
  path: Assets/Ressources1/artwork/Environment/props/block.png
  artifactKey: Guid(8a8849b7b8b964564b9e89cb1ded0658) Importer(815301076,1909f56bfc062723c751e8b465ee728b)
Start importing Assets/Ressources1/artwork/Environment/props/block.png using Guid(8a8849b7b8b964564b9e89cb1ded0658) Importer(815301076,1909f56bfc062723c751e8b465ee728b)  -> (artifact id: '6c0a9d7922707d18fc7464649bd9fd49') in 0.019758 seconds
  Import took 0.028887 seconds .

========================================================================
Received Import Request.
  Time since last request: 0.000602 seconds.
  path: Assets/Ressources1/artwork/Environment/props/small-platform.png
  artifactKey: Guid(d3ae29bc873704d6197af9ad030f1b1c) Importer(815301076,1909f56bfc062723c751e8b465ee728b)
Start importing Assets/Ressources1/artwork/Environment/props/small-platform.png using Guid(d3ae29bc873704d6197af9ad030f1b1c) Importer(815301076,1909f56bfc062723c751e8b465ee728b)  -> (artifact id: 'a21b3a521ccb41af82a2a9dc70fbb342') in 0.026824 seconds
  Import took 0.035376 seconds .

========================================================================
Received Prepare
Registering precompiled user dll's ...
Registered in 0.005304 seconds.
Begin MonoManager ReloadAssembly
Native extension for WindowsStandalone target not found
Refreshing native plugins compatible for Editor in 0.59 ms, found 1 plugins.
Preloading 0 native plugins for Editor in 0.00 ms.
Mono: successfully reloaded assembly
- Completed reload, in  1.620 seconds
Platform modules already initialized, skipping
Refreshing native plugins compatible for Editor in 0.56 ms, found 1 plugins.
Preloading 0 native plugins for Editor in 0.00 ms.
Unloading 1950 Unused Serialized files (Serialized files now loaded: 0)
System memory in use before: 94.3 MB.
System memory in use after: 94.3 MB.

Unloading 17 unused Assets to reduce memory usage. Loaded Objects now: 2530.
Total: 3.098200 ms (FindLiveObjects: 0.340800 ms CreateObjectMapping: 0.138300 ms MarkObjects: 2.465900 ms  DeleteObjects: 0.151700 ms)

========================================================================
Received Prepare
Registering precompiled user dll's ...
Registered in 0.007014 seconds.
Begin MonoManager ReloadAssembly
Native extension for WindowsStandalone target not found
Refreshing native plugins compatible for Editor in 1.03 ms, found 1 plugins.
Preloading 0 native plugins for Editor in 0.00 ms.
Mono: successfully reloaded assembly
- Completed reload, in  2.191 seconds
Platform modules already initialized, skipping
Refreshing native plugins compatible for Editor in 0.90 ms, found 1 plugins.
Preloading 0 native plugins for Editor in 0.00 ms.
Unloading 1950 Unused Serialized files (Serialized files now loaded: 0)
System memory in use before: 94.3 MB.
System memory in use after: 94.3 MB.

Unloading 17 unused Assets to reduce memory usage. Loaded Objects now: 2534.
Total: 6.151700 ms (FindLiveObjects: 0.429500 ms CreateObjectMapping: 0.155600 ms MarkObjects: 5.322900 ms  DeleteObjects: 0.236700 ms)

========================================================================
Received Import Request.
  Time since last request: 126.573666 seconds.
  path: Assets/Design/Niveau
  artifactKey: Guid(2c027cc547eb90047a6362400420874b) Importer(815301076,1909f56bfc062723c751e8b465ee728b)
Start importing Assets/Design/Niveau using Guid(2c027cc547eb90047a6362400420874b) Importer(815301076,1909f56bfc062723c751e8b465ee728b)  -> (artifact id: '06d499ea8947584f6deb87f5c27a97c3') in 0.014972 seconds
  Import took 0.022204 seconds .

========================================================================
Received Prepare
Registering precompiled user dll's ...
Registered in 0.005271 seconds.
Begin MonoManager ReloadAssembly
Native extension for WindowsStandalone target not found
Refreshing native plugins compatible for Editor in 0.89 ms, found 1 plugins.
Preloading 0 native plugins for Editor in 0.00 ms.
Mono: successfully reloaded assembly
- Completed reload, in  2.168 seconds
Platform modules already initialized, skipping
Refreshing native plugins compatible for Editor in 0.63 ms, found 1 plugins.
Preloading 0 native plugins for Editor in 0.00 ms.
Unloading 1950 Unused Serialized files (Serialized files now loaded: 0)
System memory in use before: 94.3 MB.
System memory in use after: 94.3 MB.

Unloading 17 unused Assets to reduce memory usage. Loaded Objects now: 2538.
Total: 5.102800 ms (FindLiveObjects: 0.273400 ms CreateObjectMapping: 0.121700 ms MarkObjects: 4.500500 ms  DeleteObjects: 0.205100 ms)

========================================================================
Received Prepare
Registering precompiled user dll's ...
Registered in 0.006109 seconds.
Begin MonoManager ReloadAssembly
Native extension for WindowsStandalone target not found
Refreshing native plugins compatible for Editor in 1.21 ms, found 1 plugins.
Preloading 0 native plugins for Editor in 0.00 ms.
Mono: successfully reloaded assembly
- Completed reload, in  2.004 seconds
Platform modules already initialized, skipping
Refreshing native plugins compatible for Editor in 0.94 ms, found 1 plugins.
Preloading 0 native plugins for Editor in 0.00 ms.
Unloading 1950 Unused Serialized files (Serialized files now loaded: 0)
System memory in use before: 94.3 MB.
System memory in use after: 94.3 MB.

Unloading 17 unused Assets to reduce memory usage. Loaded Objects now: 2542.
Total: 8.740100 ms (FindLiveObjects: 4.078300 ms CreateObjectMapping: 0.335800 ms MarkObjects: 4.092000 ms  DeleteObjects: 0.231700 ms)

========================================================================
Received Prepare
Registering precompiled user dll's ...
Registered in 0.004851 seconds.
Begin MonoManager ReloadAssembly
Native extension for WindowsStandalone target not found
Refreshing native plugins compatible for Editor in 0.85 ms, found 1 plugins.
Preloading 0 native plugins for Editor in 0.00 ms.
Mono: successfully reloaded assembly
- Completed reload, in  2.249 seconds
Platform modules already initialized, skipping
Refreshing native plugins compatible for Editor in 0.90 ms, found 1 plugins.
Preloading 0 native plugins for Editor in 0.00 ms.
Unloading 1950 Unused Serialized files (Serialized files now loaded: 0)
System memory in use before: 94.3 MB.
System memory in use after: 94.3 MB.

Unloading 17 unused Assets to reduce memory usage. Loaded Objects now: 2546.
Total: 5.063600 ms (FindLiveObjects: 0.492500 ms CreateObjectMapping: 0.185200 ms MarkObjects: 4.172800 ms  DeleteObjects: 0.209800 ms)

========================================================================
Received Import Request.
  Time since last request: 36.198235 seconds.
  path: Assets/Design/Niveau/FinDeNiveau
  artifactKey: Guid(951e63ef65f767b45b6063d4fcbcb322) Importer(815301076,1909f56bfc062723c751e8b465ee728b)
Start importing Assets/Design/Niveau/FinDeNiveau using Guid(951e63ef65f767b45b6063d4fcbcb322) Importer(815301076,1909f56bfc062723c751e8b465ee728b)  -> (artifact id: 'c3e13df2e90872d6981df8eadac28ad0') in 0.016068 seconds
  Import took 0.023097 seconds .

========================================================================
Received Prepare
Registering precompiled user dll's ...
Registered in 0.004959 seconds.
Begin MonoManager ReloadAssembly
Native extension for WindowsStandalone target not found
Refreshing native plugins compatible for Editor in 0.81 ms, found 1 plugins.
Preloading 0 native plugins for Editor in 0.00 ms.
Mono: successfully reloaded assembly
- Completed reload, in  2.206 seconds
Platform modules already initialized, skipping
Refreshing native plugins compatible for Editor in 0.93 ms, found 1 plugins.
Preloading 0 native plugins for Editor in 0.00 ms.
Unloading 1950 Unused Serialized files (Serialized files now loaded: 0)
System memory in use before: 94.3 MB.
System memory in use after: 94.3 MB.

Unloading 17 unused Assets to reduce memory usage. Loaded Objects now: 2550.
Total: 3.754900 ms (FindLiveObjects: 0.326800 ms CreateObjectMapping: 0.110700 ms MarkObjects: 3.130600 ms  DeleteObjects: 0.185400 ms)

========================================================================
Received Prepare
Registering precompiled user dll's ...
Registered in 0.010139 seconds.
Begin MonoManager ReloadAssembly
Native extension for WindowsStandalone target not found
Refreshing native plugins compatible for Editor in 1.41 ms, found 1 plugins.
Preloading 0 native plugins for Editor in 0.00 ms.
Mono: successfully reloaded assembly
- Completed reload, in  2.540 seconds
Platform modules already initialized, skipping
Refreshing native plugins compatible for Editor in 0.85 ms, found 1 plugins.
Preloading 0 native plugins for Editor in 0.00 ms.
Unloading 1950 Unused Serialized files (Serialized files now loaded: 0)
System memory in use before: 94.3 MB.
System memory in use after: 94.3 MB.

Unloading 17 unused Assets to reduce memory usage. Loaded Objects now: 2554.
Total: 4.668800 ms (FindLiveObjects: 0.351300 ms CreateObjectMapping: 0.139600 ms MarkObjects: 3.958800 ms  DeleteObjects: 0.216100 ms)

========================================================================
Received Import Request.
  Time since last request: 88.860103 seconds.
  path: Assets/Design/Niveau/FinDeNiveau/Fin_De_Niveau.cs
  artifactKey: Guid(87e7ac8dc79de3a4abacc8a57d53f4cf) Importer(815301076,1909f56bfc062723c751e8b465ee728b)
Start importing Assets/Design/Niveau/FinDeNiveau/Fin_De_Niveau.cs using Guid(87e7ac8dc79de3a4abacc8a57d53f4cf) Importer(815301076,1909f56bfc062723c751e8b465ee728b)  -> (artifact id: 'e45fe1ea6edd070974073be8872767af') in 0.014682 seconds
  Import took 0.022059 seconds .

========================================================================
Received Import Request.
  Time since last request: 140.062754 seconds.
  path: ProjectSettings/TagManager.asset
  artifactKey: Guid(00000000000000003000000000000000) Importer(815301076,1909f56bfc062723c751e8b465ee728b)
Start importing ProjectSettings/TagManager.asset using Guid(00000000000000003000000000000000) Importer(815301076,1909f56bfc062723c751e8b465ee728b)  -> (artifact id: '1c037ca2c5e51484f479ce63818a6327') in 0.062337 seconds
  Import took 0.074485 seconds .

========================================================================
Received Prepare
Registering precompiled user dll's ...
Registered in 0.005427 seconds.
Begin MonoManager ReloadAssembly
Native extension for WindowsStandalone target not found
Refreshing native plugins compatible for Editor in 0.90 ms, found 1 plugins.
Preloading 0 native plugins for Editor in 0.00 ms.
Mono: successfully reloaded assembly
- Completed reload, in  2.436 seconds
Platform modules already initialized, skipping
Refreshing native plugins compatible for Editor in 1.29 ms, found 1 plugins.
Preloading 0 native plugins for Editor in 0.00 ms.
Unloading 1950 Unused Serialized files (Serialized files now loaded: 0)
System memory in use before: 94.4 MB.
System memory in use after: 94.3 MB.

Unloading 18 unused Assets to reduce memory usage. Loaded Objects now: 2558.
Total: 5.379400 ms (FindLiveObjects: 0.436400 ms CreateObjectMapping: 0.166200 ms MarkObjects: 4.536300 ms  DeleteObjects: 0.237500 ms)

========================================================================
Received Prepare
Registering precompiled user dll's ...
Registered in 0.009135 seconds.
Begin MonoManager ReloadAssembly
Native extension for WindowsStandalone target not found
Refreshing native plugins compatible for Editor in 1.30 ms, found 1 plugins.
Preloading 0 native plugins for Editor in 0.00 ms.
Mono: successfully reloaded assembly
- Completed reload, in  2.745 seconds
Platform modules already initialized, skipping
Refreshing native plugins compatible for Editor in 0.83 ms, found 1 plugins.
Preloading 0 native plugins for Editor in 0.00 ms.
Unloading 1950 Unused Serialized files (Serialized files now loaded: 0)
System memory in use before: 94.4 MB.
System memory in use after: 94.3 MB.

Unloading 17 unused Assets to reduce memory usage. Loaded Objects now: 2562.
Total: 4.390200 ms (FindLiveObjects: 0.444700 ms CreateObjectMapping: 0.143200 ms MarkObjects: 3.574100 ms  DeleteObjects: 0.225700 ms)

========================================================================
Received Prepare
Registering precompiled user dll's ...
Registered in 0.004981 seconds.
Begin MonoManager ReloadAssembly
Native extension for WindowsStandalone target not found
Refreshing native plugins compatible for Editor in 0.82 ms, found 1 plugins.
Preloading 0 native plugins for Editor in 0.00 ms.
Mono: successfully reloaded assembly
- Completed reload, in  2.069 seconds
Platform modules already initialized, skipping
Refreshing native plugins compatible for Editor in 0.92 ms, found 1 plugins.
Preloading 0 native plugins for Editor in 0.00 ms.
Unloading 1950 Unused Serialized files (Serialized files now loaded: 0)
System memory in use before: 94.4 MB.
System memory in use after: 94.4 MB.

Unloading 17 unused Assets to reduce memory usage. Loaded Objects now: 2566.
Total: 4.201500 ms (FindLiveObjects: 0.369200 ms CreateObjectMapping: 0.136700 ms MarkObjects: 3.465300 ms  DeleteObjects: 0.227600 ms)

========================================================================
Received Import Request.
  Time since last request: 590.895879 seconds.
  path: Assets/Physics/Scripts/Move_player.cs
  artifactKey: Guid(123dc993a4a9854478f11c239089004c) Importer(815301076,1909f56bfc062723c751e8b465ee728b)
Start importing Assets/Physics/Scripts/Move_player.cs using Guid(123dc993a4a9854478f11c239089004c) Importer(815301076,1909f56bfc062723c751e8b465ee728b)  -> (artifact id: 'ecc08a6eca9aba763835921ebacabd16') in 0.012020 seconds
  Import took 0.017631 seconds .

========================================================================
Received Import Request.
  Time since last request: 0.032424 seconds.
  path: Assets/Physics/Scripts/Move_player.cs
  artifactKey: Guid(123dc993a4a9854478f11c239089004c) Importer(815301076,1909f56bfc062723c751e8b465ee728b)
Start importing Assets/Physics/Scripts/Move_player.cs using Guid(123dc993a4a9854478f11c239089004c) Importer(815301076,1909f56bfc062723c751e8b465ee728b)  -> (artifact id: 'ecc08a6eca9aba763835921ebacabd16') in 0.008585 seconds
  Import took 0.014496 seconds .

========================================================================
Received Prepare
Registering precompiled user dll's ...
Registered in 0.006472 seconds.
Begin MonoManager ReloadAssembly
Native extension for WindowsStandalone target not found
Refreshing native plugins compatible for Editor in 0.87 ms, found 1 plugins.
Preloading 0 native plugins for Editor in 0.00 ms.
Mono: successfully reloaded assembly
- Completed reload, in  2.231 seconds
Platform modules already initialized, skipping
Refreshing native plugins compatible for Editor in 0.81 ms, found 1 plugins.
Preloading 0 native plugins for Editor in 0.00 ms.
Unloading 1950 Unused Serialized files (Serialized files now loaded: 0)
System memory in use before: 94.4 MB.
System memory in use after: 94.4 MB.

Unloading 17 unused Assets to reduce memory usage. Loaded Objects now: 2570.
Total: 4.893300 ms (FindLiveObjects: 0.574300 ms CreateObjectMapping: 0.149200 ms MarkObjects: 3.941600 ms  DeleteObjects: 0.225200 ms)

========================================================================
Received Import Request.
  Time since last request: 69.777478 seconds.
  path: Assets/Physics/Scripts/Move_player.cs
  artifactKey: Guid(123dc993a4a9854478f11c239089004c) Importer(815301076,1909f56bfc062723c751e8b465ee728b)
Start importing Assets/Physics/Scripts/Move_player.cs using Guid(123dc993a4a9854478f11c239089004c) Importer(815301076,1909f56bfc062723c751e8b465ee728b)  -> (artifact id: 'ab3929e6273c1cd4a76d8b8ff5aef6ee') in 0.009127 seconds
  Import took 0.014404 seconds .

========================================================================
Received Import Request.
  Time since last request: 0.091077 seconds.
  path: Assets/Physics/Scripts/Move_player.cs
  artifactKey: Guid(123dc993a4a9854478f11c239089004c) Importer(815301076,1909f56bfc062723c751e8b465ee728b)
Start importing Assets/Physics/Scripts/Move_player.cs using Guid(123dc993a4a9854478f11c239089004c) Importer(815301076,1909f56bfc062723c751e8b465ee728b)  -> (artifact id: 'ab3929e6273c1cd4a76d8b8ff5aef6ee') in 0.007635 seconds
  Import took 0.013369 seconds .

========================================================================
Received Prepare
Registering precompiled user dll's ...
Registered in 0.008594 seconds.
Begin MonoManager ReloadAssembly
Native extension for WindowsStandalone target not found
Refreshing native plugins compatible for Editor in 1.04 ms, found 1 plugins.
Preloading 0 native plugins for Editor in 0.00 ms.
Mono: successfully reloaded assembly
- Completed reload, in  2.986 seconds
Platform modules already initialized, skipping
Refreshing native plugins compatible for Editor in 1.07 ms, found 1 plugins.
Preloading 0 native plugins for Editor in 0.00 ms.
Unloading 1950 Unused Serialized files (Serialized files now loaded: 0)
System memory in use before: 94.4 MB.
System memory in use after: 94.4 MB.

Unloading 17 unused Assets to reduce memory usage. Loaded Objects now: 2574.
Total: 5.417800 ms (FindLiveObjects: 0.587600 ms CreateObjectMapping: 0.252900 ms MarkObjects: 4.205700 ms  DeleteObjects: 0.367900 ms)

========================================================================
Received Import Request.
  Time since last request: 50.218043 seconds.
  path: Assets/Physics/Scripts/Move_player.cs
  artifactKey: Guid(123dc993a4a9854478f11c239089004c) Importer(815301076,1909f56bfc062723c751e8b465ee728b)
Start importing Assets/Physics/Scripts/Move_player.cs using Guid(123dc993a4a9854478f11c239089004c) Importer(815301076,1909f56bfc062723c751e8b465ee728b)  -> (artifact id: '6963698cbb373f852166247826d33551') in 0.016182 seconds
  Import took 0.024112 seconds .

========================================================================
Received Prepare
Registering precompiled user dll's ...
Registered in 0.006645 seconds.
Begin MonoManager ReloadAssembly
Native extension for WindowsStandalone target not found
Refreshing native plugins compatible for Editor in 0.90 ms, found 1 plugins.
Preloading 0 native plugins for Editor in 0.00 ms.
Mono: successfully reloaded assembly
- Completed reload, in  2.451 seconds
Platform modules already initialized, skipping
Refreshing native plugins compatible for Editor in 0.80 ms, found 1 plugins.
Preloading 0 native plugins for Editor in 0.00 ms.
Unloading 1950 Unused Serialized files (Serialized files now loaded: 0)
System memory in use before: 94.4 MB.
System memory in use after: 94.4 MB.

Unloading 17 unused Assets to reduce memory usage. Loaded Objects now: 2578.
Total: 4.291100 ms (FindLiveObjects: 0.325000 ms CreateObjectMapping: 0.132000 ms MarkObjects: 3.614500 ms  DeleteObjects: 0.216500 ms)

========================================================================
Received Import Request.
  Time since last request: 38.305911 seconds.
  path: Assets/Physics/Scripts/Move_player.cs
  artifactKey: Guid(123dc993a4a9854478f11c239089004c) Importer(815301076,1909f56bfc062723c751e8b465ee728b)
Start importing Assets/Physics/Scripts/Move_player.cs using Guid(123dc993a4a9854478f11c239089004c) Importer(815301076,1909f56bfc062723c751e8b465ee728b)  -> (artifact id: '2939310fb747d09490847864b4f9ef6c') in 0.008845 seconds
  Import took 0.014440 seconds .

========================================================================
Received Import Request.
  Time since last request: 0.058718 seconds.
  path: Assets/Physics/Scripts/Move_player.cs
  artifactKey: Guid(123dc993a4a9854478f11c239089004c) Importer(815301076,1909f56bfc062723c751e8b465ee728b)
Start importing Assets/Physics/Scripts/Move_player.cs using Guid(123dc993a4a9854478f11c239089004c) Importer(815301076,1909f56bfc062723c751e8b465ee728b)  -> (artifact id: '2939310fb747d09490847864b4f9ef6c') in 0.007548 seconds
  Import took 0.013654 seconds .

========================================================================
Received Prepare
Registering precompiled user dll's ...
Registered in 0.005057 seconds.
Begin MonoManager ReloadAssembly
Native extension for WindowsStandalone target not found
Refreshing native plugins compatible for Editor in 1.38 ms, found 1 plugins.
Preloading 0 native plugins for Editor in 0.00 ms.
Mono: successfully reloaded assembly
- Completed reload, in  2.053 seconds
Platform modules already initialized, skipping
Refreshing native plugins compatible for Editor in 1.25 ms, found 1 plugins.
Preloading 0 native plugins for Editor in 0.00 ms.
Unloading 1950 Unused Serialized files (Serialized files now loaded: 0)
System memory in use before: 94.4 MB.
System memory in use after: 94.4 MB.

Unloading 17 unused Assets to reduce memory usage. Loaded Objects now: 2582.
Total: 2.858900 ms (FindLiveObjects: 0.191600 ms CreateObjectMapping: 0.058100 ms MarkObjects: 2.457300 ms  DeleteObjects: 0.149900 ms)

========================================================================
Received Import Request.
  Time since last request: 77.603526 seconds.
  path: Assets/Physics/Scripts/Move_player.cs
  artifactKey: Guid(123dc993a4a9854478f11c239089004c) Importer(815301076,1909f56bfc062723c751e8b465ee728b)
Start importing Assets/Physics/Scripts/Move_player.cs using Guid(123dc993a4a9854478f11c239089004c) Importer(815301076,1909f56bfc062723c751e8b465ee728b)  -> (artifact id: '1f67c9df744f4131c51e3727efd898de') in 0.013945 seconds
  Import took 0.024829 seconds .

========================================================================
Received Prepare
Registering precompiled user dll's ...
Registered in 0.013966 seconds.
Begin MonoManager ReloadAssembly
Native extension for WindowsStandalone target not found
Refreshing native plugins compatible for Editor in 0.83 ms, found 1 plugins.
Preloading 0 native plugins for Editor in 0.00 ms.
Mono: successfully reloaded assembly
- Completed reload, in  2.097 seconds
Platform modules already initialized, skipping
Refreshing native plugins compatible for Editor in 0.84 ms, found 1 plugins.
Preloading 0 native plugins for Editor in 0.00 ms.
Unloading 1950 Unused Serialized files (Serialized files now loaded: 0)
System memory in use before: 94.4 MB.
System memory in use after: 94.4 MB.

Unloading 17 unused Assets to reduce memory usage. Loaded Objects now: 2586.
Total: 4.832900 ms (FindLiveObjects: 0.326400 ms CreateObjectMapping: 0.139900 ms MarkObjects: 4.138100 ms  DeleteObjects: 0.225700 ms)

AssetImportWorkerClient::OnTransportError - code=2 error=End of file
